java.lang.Exception: Error getting Bloop class path
  bloop.rifle.BloopRifle$.startServer(BloopRifle.scala:49)
  bloop.rifle.BloopServer$.startBloop$1(BloopServer.scala:77)
  bloop.rifle.BloopServer$.ensureBloopRunning(BloopServer.scala:108)
  bloop.rifle.BloopServer$.bsp(BloopServer.scala:155)
  bloop.rifle.BloopServer$.buildServer(BloopServer.scala:185)
  scala.build.bsp.BspImpl.$anonfun$10(BspImpl.scala:424)
  scala.build.compiler.BloopCompiler.<init>(BloopCompiler.scala:15)
  scala.build.bsp.BspImpl.newBloopSession(BspImpl.scala:429)
  scala.build.bsp.BspImpl.run(BspImpl.scala:470)
  scala.cli.commands.bsp.Bsp$.runCommand$$anonfun$1(Bsp.scala:156)
  scala.runtime.function.JProcedure1.apply(JProcedure1.java:15)
  scala.runtime.function.JProcedure1.apply(JProcedure1.java:10)
  scala.build.bsp.BspThreads$.withThreads(BspThreads.scala:23)
  scala.cli.commands.bsp.Bsp$.runCommand(Bsp.scala:159)
  scala.cli.commands.bsp.Bsp$.runCommand(Bsp.scala:55)
  scala.cli.commands.ScalaCommand.run(ScalaCommand.scala:379)
  scala.cli.commands.ScalaCommand.run(ScalaCommand.scala:361)
  caseapp.core.app.CaseApp.main(CaseApp.scala:157)
  scala.cli.commands.ScalaCommand.main(ScalaCommand.scala:346)
  caseapp.core.app.CommandsEntryPoint.main(CommandsEntryPoint.scala:166)
  scala.cli.ScalaCliCommands.main(ScalaCliCommands.scala:125)
  scala.cli.ScalaCli$.main0(ScalaCli.scala:286)
  scala.cli.ScalaCli$.main(ScalaCli.scala:116)
  scala.cli.ScalaCli.main(ScalaCli.scala)
scala.build.errors.FetchingDependenciesError: Error downloading io.github.alexarchambault.bleep:bloop-frontend_2.12:1.5.17-sc-2
  not found: C:\Users\ASUS\.ivy2\local\io.github.alexarchambault.bleep\bloop-frontend_2.12\1.5.17-sc-2\ivys\ivy.xml
  download error: Caught java.net.UnknownHostException (repo1.maven.org) while downloading https://repo1.maven.org/maven2/io/github/alexarchambault/bleep/bloop-frontend_2.12/1.5.17-sc-2/bloop-frontend_2.12-1.5.17-sc-2.pom
  No fallback URL found
  scala.build.Artifacts$.toFetchingDependenciesError(Artifacts.scala:701)
  scala.build.Artifacts$.fetchCsDependencies$$anonfun$1$$anonfun$2(Artifacts.scala:676)
  scala.util.Either$LeftProjection.map(Either.scala:622)
  scala.build.Artifacts$.fetchCsDependencies$$anonfun$1(Artifacts.scala:678)
  scala.build.EitherCps$Helper.apply(EitherCps.scala:19)
  scala.build.Artifacts$.fetchCsDependencies(Artifacts.scala:680)
  scala.build.Artifacts$.fetchAnyDependenciesWithResult$$anonfun$1(Artifacts.scala:571)
  scala.build.EitherCps$Helper.apply(EitherCps.scala:19)
  scala.build.Artifacts$.fetchAnyDependenciesWithResult(Artifacts.scala:588)
  scala.build.Artifacts$.fetchAnyDependencies$$anonfun$1(Artifacts.scala:536)
  scala.build.EitherCps$Helper.apply(EitherCps.scala:19)
  scala.build.Artifacts$.fetchAnyDependencies(Artifacts.scala:540)
  scala.build.Artifacts$.artifacts$$anonfun$1(Artifacts.scala:467)
  scala.build.EitherCps$Helper.apply(EitherCps.scala:19)
  scala.build.Artifacts$.artifacts(Artifacts.scala:487)
  scala.build.Bloop$.bloopClassPath$$anonfun$1(Bloop.scala:73)
  scala.build.EitherCps$Helper.apply(EitherCps.scala:19)
  scala.build.Bloop$.bloopClassPath(Bloop.scala:82)
  scala.build.Bloop$.bloopClassPath$$anonfun$2(Bloop.scala:104)
  scala.build.EitherCps$Helper.apply(EitherCps.scala:19)
  scala.build.Bloop$.bloopClassPath(Bloop.scala:107)
  scala.cli.commands.shared.SharedCompilationServerOptions.$anonfun$13(SharedCompilationServerOptions.scala:264)
  bloop.rifle.BloopRifle$.startServer(BloopRifle.scala:48)
  bloop.rifle.BloopServer$.startBloop$1(BloopServer.scala:77)
  bloop.rifle.BloopServer$.ensureBloopRunning(BloopServer.scala:108)
  bloop.rifle.BloopServer$.bsp(BloopServer.scala:155)
  bloop.rifle.BloopServer$.buildServer(BloopServer.scala:185)
  scala.build.bsp.BspImpl.$anonfun$10(BspImpl.scala:424)
  scala.build.compiler.BloopCompiler.<init>(BloopCompiler.scala:15)
  scala.build.bsp.BspImpl.newBloopSession(BspImpl.scala:429)
  scala.build.bsp.BspImpl.run(BspImpl.scala:470)
  scala.cli.commands.bsp.Bsp$.runCommand$$anonfun$1(Bsp.scala:156)
  scala.runtime.function.JProcedure1.apply(JProcedure1.java:15)
  scala.runtime.function.JProcedure1.apply(JProcedure1.java:10)
  scala.build.bsp.BspThreads$.withThreads(BspThreads.scala:23)
  scala.cli.commands.bsp.Bsp$.runCommand(Bsp.scala:159)
  scala.cli.commands.bsp.Bsp$.runCommand(Bsp.scala:55)
  scala.cli.commands.ScalaCommand.run(ScalaCommand.scala:379)
  scala.cli.commands.ScalaCommand.run(ScalaCommand.scala:361)
  caseapp.core.app.CaseApp.main(CaseApp.scala:157)
  scala.cli.commands.ScalaCommand.main(ScalaCommand.scala:346)
  caseapp.core.app.CommandsEntryPoint.main(CommandsEntryPoint.scala:166)
  scala.cli.ScalaCliCommands.main(ScalaCliCommands.scala:125)
  scala.cli.ScalaCli$.main0(ScalaCli.scala:286)
  scala.cli.ScalaCli$.main(ScalaCli.scala:116)
  scala.cli.ScalaCli.main(ScalaCli.scala)
coursier.error.ResolutionError$CantDownloadModule: Error downloading io.github.alexarchambault.bleep:bloop-frontend_2.12:1.5.17-sc-2
  not found: C:\Users\ASUS\.ivy2\local\io.github.alexarchambault.bleep\bloop-frontend_2.12\1.5.17-sc-2\ivys\ivy.xml
  download error: Caught java.net.UnknownHostException (repo1.maven.org) while downloading https://repo1.maven.org/maven2/io/github/alexarchambault/bleep/bloop-frontend_2.12/1.5.17-sc-2/bloop-frontend_2.12-1.5.17-sc-2.pom
  No fallback URL found
  coursier.Resolve$.$anonfun$validate$1(Resolve.scala:392)
  scala.collection.immutable.List.map(List.scala:247)
  scala.collection.immutable.List.map(List.scala:79)
  coursier.Resolve$.validate(Resolve.scala:390)
  coursier.Resolve.validate0$1(Resolve.scala:151)
  coursier.Resolve.$anonfun$ioWithConflicts0$4(Resolve.scala:201)
  coursier.util.Task$.$anonfun$flatMap$extension$1(Task.scala:14)
  coursier.util.Task$.$anonfun$flatMap$extension$1$adapted(Task.scala:14)
  coursier.util.Task$.wrap(Task.scala:82)
  coursier.util.Task$.$anonfun$flatMap$2(Task.scala:14)
  scala.concurrent.impl.Promise$Transformation.run(Promise.scala:470)
  java.base@17.0.6/java.util.concurrent.ThreadPoolExecutor.runWorker(ThreadPoolExecutor.java:1136)
  java.base@17.0.6/java.util.concurrent.ThreadPoolExecutor$Worker.run(ThreadPoolExecutor.java:635)
  java.base@17.0.6/java.lang.Thread.run(Thread.java:833)
  com.oracle.svm.core.thread.PlatformThreads.threadStartRoutine(PlatformThreads.java:775)
  com.oracle.svm.core.windows.WindowsPlatformThreads.osThreadStartRoutine(WindowsPlatformThreads.java:178)
